octave: X11 DISPLAY environment variable not set
octave: disabling GUI features
/opt/deploy/octave-4.0.3/bin/octave-cli-4.0.3: /usr/lib64/libssl.so.10: no version information available (required by /opt/deploy/lib/libcurl.so.4)
/opt/deploy/octave-4.0.3/bin/octave-cli-4.0.3: /usr/lib64/libcrypto.so.10: no version information available (required by /opt/deploy/lib/libcurl.so.4)
/opt/deploy/octave-4.0.3/bin/octave-cli-4.0.3: /usr/lib64/libcrypto.so.10: no version information available (required by /opt/deploy/lib/libcurl.so.4)
warning: print.m: epstool binary is not available.
Some output formats are not available.
warning: called from
    __print_parse_opts__ at line 382 column 9
    print at line 288 column 8
    MCPi_0.m at line 28 column 1
Error: terminal "dumb" does not support continuous colors.

   3.5 ++---------------+-----------------+----------------+---------------++
       +                +                 +                +                +
       |                                                                    |
   3.4 ++                                                                  ++
       |                                                                    |
       |                                                                    |
   3.3 ++                                                                  ++
       |                                                                    |
       |                                                                    |
   3.2 ++                                                                  ++
       |                                  G                                 |
   3.1 ++                                                                  ++
       |                                                                    |
       |                                                                    |
     3 ++                                                                  ++
       |                                                                    |
       |                                                                    |
   2.9 ++                                                                  ++
       |                                                                    |
       +                +                 +                +                +
   2.8 ++---------------+-----------------+----------------+---------------++
     9e+06           9.5e+06            1e+07          1.05e+07         1.1e+07

405.48user 0.17system 6:46.17elapsed 99%CPU (0avgtext+0avgdata 142352maxresident)k
16inputs+152outputs (0major+28531minor)pagefaults 0swaps
